Coarse Elements Properties:

Number of Nodes (Macro): 8
Degree of Freedom (Macro): 24
Number of Coarse Elements: 1

$ELEMENT_CONNECTIVITY
1	 1	 2	 3	 4

Macro Nodes (Undeformed):
Node\Direction 	 x		 y		
1    0.0000000000		    0.0000000000		0 
2    1.0000000000		    0.0000000000		0 
3    1.0000000000		    1.0000000000		0 
4    0.0000000000		    1.0000000000		0 
5    0.0000000000		    0.0000000000		1 
6    1.0000000000		    0.0000000000		1 
7    1.0000000000		    1.0000000000		1 
8    0.0000000000		    1.0000000000		1 

Prescribed Nodes:
1	 x-Direction	 y-Direction	
2	 x-Direction	 y-Direction	
5	 x-Direction	 y-Direction	
6	 x-Direction	 y-Direction	

Nodal Loads:
3	 	 y-Direction	
4	 	 y-Direction	
7	 	 y-Direction	
8	 	 y-Direction	

Nodal Displacement:
Node\Direction 	 x		 y		
1    0.0000000000		    0.0000000000		
2    0.0000000000		    0.0000000000		
3    0.0000000000		    0.0000000000		
4    0.0000000413		   -0.0000001840		
5   -0.0000000413		   -0.0000000413		
6   -0.0000001840		   -0.0000000413		
7    0.0000000000		    0.0000000000		
8    0.0000000000		    0.0000000000		


**********Properties of Finite Element 1 in Coarse Element 1**********

Nodal Displacement:
Node\Direction 	 x		 y		
14   -0.0000000000		   -0.0000000709		
5    0.0000000000		    0.0000000207		
4   -0.0000000920		   -0.0000000000		
13    0.0000000413		   -0.0000001840		
11   -0.0000000000		   -0.0000000000		
2   -0.0000001840		    0.0000000000		
1   -0.0000000000		   -0.0000000920		
10    0.0000000207		    0.0000000207		

Strains:
Gauss Point\exx - eyy - exy 	 
Gauss Point 1 :    0.0000000500		   -0.0000002103		    0.0000000500		
Gauss Point 2 :    0.0000000500		   -0.0000001910		    0.0000000500		
Gauss Point 3 :    0.0000000739		   -0.0000001910		    0.0000000739		
Gauss Point 4 :    0.0000000739		   -0.0000002103		    0.0000000739		
Gauss Point 5 :    0.0000000500		   -0.0000001910		    0.0000000500		
Gauss Point 6 :    0.0000000500		   -0.0000001859		    0.0000000500		
Gauss Point 7 :    0.0000000739		   -0.0000001859		    0.0000000739		
Gauss Point 8 :    0.0000000739		   -0.0000001910		    0.0000000739		

Stresses:
Gauss Point\sxx - syy - sxy 	 
Gauss Point 1 :   -5.0144319841		  -45.0606427239		    0.0000000500		
Gauss Point 2 :   -2.7946728175		  -39.8812046685		    0.0000000500		
Gauss Point 3 :    6.3786487438		  -34.3772117318		    0.0000000739		
Gauss Point 4 :    4.1588895772		  -39.5566497871		    0.0000000739		
Gauss Point 5 :   -2.7946728175		  -39.8812046685		    0.0000000500		
Gauss Point 6 :   -2.1998901414		  -38.4933784243		    0.0000000500		
Gauss Point 7 :    6.9734314198		  -32.9893854876		    0.0000000739		
Gauss Point 8 :    6.3786487438		  -34.3772117318		    0.0000000739		


**********Properties of Finite Element 2 in Coarse Element 1**********

Nodal Displacement:
Node\Direction 	 x		 y		
15    0.0000000000		    0.0000000000		
6    0.0000000000		    0.0000000000		
5    0.0000000000		    0.0000000000		
14    0.0000000207		   -0.0000000920		
12   -0.0000000000		   -0.0000000000		
3   -0.0000000709		    0.0000000000		
2    0.0000000000		    0.0000000000		
11    0.0000000000		    0.0000000000		

Strains:
Gauss Point\exx - eyy - exy 	 
Gauss Point 1 :    0.0000000087		   -0.0000001577		    0.0000000087		
Gauss Point 2 :    0.0000000087		   -0.0000001769		    0.0000000087		
Gauss Point 3 :    0.0000000326		   -0.0000001769		    0.0000000326		
Gauss Point 4 :    0.0000000326		   -0.0000001577		    0.0000000326		
Gauss Point 5 :    0.0000000087		   -0.0000001769		    0.0000000087		
Gauss Point 6 :    0.0000000087		   -0.0000001821		    0.0000000087		
Gauss Point 7 :    0.0000000326		   -0.0000001821		    0.0000000326		
Gauss Point 8 :    0.0000000326		   -0.0000001769		    0.0000000326		

Stresses:
Gauss Point\sxx - syy - sxy 	 
Gauss Point 1 :  -14.8385961787		  -40.4433502129		    0.0000000087		
Gauss Point 2 :  -17.0583553452		  -45.6227882683		    0.0000000087		
Gauss Point 3 :   -7.8850337840		  -40.1187953315		    0.0000000326		
Gauss Point 4 :   -5.6652746174		  -34.9393572762		    0.0000000326		
Gauss Point 5 :  -17.0583553452		  -45.6227882683		    0.0000000087		
Gauss Point 6 :  -17.6531380213		  -47.0106145125		    0.0000000087		
Gauss Point 7 :   -8.4798164601		  -41.5066215757		    0.0000000326		
Gauss Point 8 :   -7.8850337840		  -40.1187953315		    0.0000000326		


**********Properties of Finite Element 3 in Coarse Element 1**********

Nodal Displacement:
Node\Direction 	 x		 y		
17   -0.0000000000		   -0.0000000920		
8   -0.0000000207		    0.0000000207		
7   -0.0000000920		   -0.0000000207		
16    0.0000000413		   -0.0000001840		
14   -0.0000000413		   -0.0000000000		
5   -0.0000001840		   -0.0000000413		
4   -0.0000000000		   -0.0000000709		
13    0.0000000000		    0.0000000207		

Strains:
Gauss Point\exx - eyy - exy 	 
Gauss Point 1 :    0.0000000500		   -0.0000001910		    0.0000000500		
Gauss Point 2 :    0.0000000500		   -0.0000001859		    0.0000000500		
Gauss Point 3 :    0.0000000739		   -0.0000001859		    0.0000000739		
Gauss Point 4 :    0.0000000739		   -0.0000001910		    0.0000000739		
Gauss Point 5 :    0.0000000500		   -0.0000002103		    0.0000000500		
Gauss Point 6 :    0.0000000500		   -0.0000001910		    0.0000000500		
Gauss Point 7 :    0.0000000739		   -0.0000001910		    0.0000000739		
Gauss Point 8 :    0.0000000739		   -0.0000002103		    0.0000000739		

Stresses:
Gauss Point\sxx - syy - sxy 	 
Gauss Point 1 :   -2.7946728175		  -39.8812046685		    0.0000000500		
Gauss Point 2 :   -2.1998901414		  -38.4933784243		    0.0000000500		
Gauss Point 3 :    6.9734314198		  -32.9893854876		    0.0000000739		
Gauss Point 4 :    6.3786487438		  -34.3772117318		    0.0000000739		
Gauss Point 5 :   -5.0144319841		  -45.0606427239		    0.0000000500		
Gauss Point 6 :   -2.7946728175		  -39.8812046685		    0.0000000500		
Gauss Point 7 :    6.3786487438		  -34.3772117318		    0.0000000739		
Gauss Point 8 :    4.1588895772		  -39.5566497871		    0.0000000739		


**********Properties of Finite Element 4 in Coarse Element 1**********

Nodal Displacement:
Node\Direction 	 x		 y		
18    0.0000000000		    0.0000000000		
9    0.0000000000		    0.0000000000		
8    0.0000000000		    0.0000000000		
17    0.0000000207		   -0.0000000920		
15   -0.0000000207		   -0.0000000000		
6   -0.0000000920		   -0.0000000207		
5    0.0000000000		    0.0000000000		
14    0.0000000000		    0.0000000000		

Strains:
Gauss Point\exx - eyy - exy 	 
Gauss Point 1 :    0.0000000087		   -0.0000001769		    0.0000000087		
Gauss Point 2 :    0.0000000087		   -0.0000001821		    0.0000000087		
Gauss Point 3 :    0.0000000326		   -0.0000001821		    0.0000000326		
Gauss Point 4 :    0.0000000326		   -0.0000001769		    0.0000000326		
Gauss Point 5 :    0.0000000087		   -0.0000001577		    0.0000000087		
Gauss Point 6 :    0.0000000087		   -0.0000001769		    0.0000000087		
Gauss Point 7 :    0.0000000326		   -0.0000001769		    0.0000000326		
Gauss Point 8 :    0.0000000326		   -0.0000001577		    0.0000000326		

Stresses:
Gauss Point\sxx - syy - sxy 	 
Gauss Point 1 :  -17.0583553452		  -45.6227882683		    0.0000000087		
Gauss Point 2 :  -17.6531380213		  -47.0106145125		    0.0000000087		
Gauss Point 3 :   -8.4798164601		  -41.5066215757		    0.0000000326		
Gauss Point 4 :   -7.8850337840		  -40.1187953315		    0.0000000326		
Gauss Point 5 :  -14.8385961787		  -40.4433502129		    0.0000000087		
Gauss Point 6 :  -17.0583553452		  -45.6227882683		    0.0000000087		
Gauss Point 7 :   -7.8850337840		  -40.1187953315		    0.0000000326		
Gauss Point 8 :   -5.6652746174		  -34.9393572762		    0.0000000326		


**********Properties of Finite Element 5 in Coarse Element 1**********

Nodal Displacement:
Node\Direction 	 x		 y		
23   -0.0000000207		   -0.0000000920		
14    0.0000000000		   -0.0000000000		
13   -0.0000000709		    0.0000000000		
22   -0.0000000000		   -0.0000001840		
20    0.0000000000		   -0.0000000413		
11   -0.0000001840		    0.0000000000		
10   -0.0000000207		   -0.0000000920		
19    0.0000000207		   -0.0000000000		

Strains:
Gauss Point\exx - eyy - exy 	 
Gauss Point 1 :    0.0000000500		   -0.0000001910		    0.0000000500		
Gauss Point 2 :    0.0000000500		   -0.0000002103		    0.0000000500		
Gauss Point 3 :    0.0000000739		   -0.0000002103		    0.0000000739		
Gauss Point 4 :    0.0000000739		   -0.0000001910		    0.0000000739		
Gauss Point 5 :    0.0000000500		   -0.0000001859		    0.0000000500		
Gauss Point 6 :    0.0000000500		   -0.0000001910		    0.0000000500		
Gauss Point 7 :    0.0000000739		   -0.0000001910		    0.0000000739		
Gauss Point 8 :    0.0000000739		   -0.0000001859		    0.0000000739		

Stresses:
Gauss Point\sxx - syy - sxy 	 
Gauss Point 1 :   -2.7946728175		  -39.8812046685		    0.0000000500		
Gauss Point 2 :   -5.0144319841		  -45.0606427239		    0.0000000500		
Gauss Point 3 :    4.1588895772		  -39.5566497871		    0.0000000739		
Gauss Point 4 :    6.3786487438		  -34.3772117318		    0.0000000739		
Gauss Point 5 :   -2.1998901414		  -38.4933784243		    0.0000000500		
Gauss Point 6 :   -2.7946728175		  -39.8812046685		    0.0000000500		
Gauss Point 7 :    6.3786487438		  -34.3772117318		    0.0000000739		
Gauss Point 8 :    6.9734314198		  -32.9893854876		    0.0000000739		


**********Properties of Finite Element 6 in Coarse Element 1**********

Nodal Displacement:
Node\Direction 	 x		 y		
24    0.0000000000		    0.0000000000		
15    0.0000000000		    0.0000000000		
14    0.0000000000		    0.0000000000		
23   -0.0000000000		   -0.0000000709		
21    0.0000000000		   -0.0000000207		
12   -0.0000000920		    0.0000000000		
11    0.0000000000		    0.0000000000		
20    0.0000000000		    0.0000000000		

Strains:
Gauss Point\exx - eyy - exy 	 
Gauss Point 1 :    0.0000000087		   -0.0000001769		    0.0000000087		
Gauss Point 2 :    0.0000000087		   -0.0000001577		    0.0000000087		
Gauss Point 3 :    0.0000000326		   -0.0000001577		    0.0000000326		
Gauss Point 4 :    0.0000000326		   -0.0000001769		    0.0000000326		
Gauss Point 5 :    0.0000000087		   -0.0000001821		    0.0000000087		
Gauss Point 6 :    0.0000000087		   -0.0000001769		    0.0000000087		
Gauss Point 7 :    0.0000000326		   -0.0000001769		    0.0000000326		
Gauss Point 8 :    0.0000000326		   -0.0000001821		    0.0000000326		

Stresses:
Gauss Point\sxx - syy - sxy 	 
Gauss Point 1 :  -17.0583553452		  -45.6227882683		    0.0000000087		
Gauss Point 2 :  -14.8385961787		  -40.4433502129		    0.0000000087		
Gauss Point 3 :   -5.6652746174		  -34.9393572762		    0.0000000326		
Gauss Point 4 :   -7.8850337840		  -40.1187953315		    0.0000000326		
Gauss Point 5 :  -17.6531380213		  -47.0106145125		    0.0000000087		
Gauss Point 6 :  -17.0583553452		  -45.6227882683		    0.0000000087		
Gauss Point 7 :   -7.8850337840		  -40.1187953315		    0.0000000326		
Gauss Point 8 :   -8.4798164601		  -41.5066215757		    0.0000000326		


**********Properties of Finite Element 7 in Coarse Element 1**********

Nodal Displacement:
Node\Direction 	 x		 y		
26   -0.0000000207		   -0.0000000920		
17   -0.0000000207		   -0.0000000000		
16   -0.0000000920		   -0.0000000207		
25   -0.0000000000		   -0.0000001840		
23   -0.0000000413		   -0.0000000413		
14   -0.0000001840		   -0.0000000413		
13   -0.0000000207		   -0.0000000920		
22    0.0000000000		   -0.0000000000		

Strains:
Gauss Point\exx - eyy - exy 	 
Gauss Point 1 :    0.0000000500		   -0.0000001859		    0.0000000500		
Gauss Point 2 :    0.0000000500		   -0.0000001910		    0.0000000500		
Gauss Point 3 :    0.0000000739		   -0.0000001910		    0.0000000739		
Gauss Point 4 :    0.0000000739		   -0.0000001859		    0.0000000739		
Gauss Point 5 :    0.0000000500		   -0.0000001910		    0.0000000500		
Gauss Point 6 :    0.0000000500		   -0.0000002103		    0.0000000500		
Gauss Point 7 :    0.0000000739		   -0.0000002103		    0.0000000739		
Gauss Point 8 :    0.0000000739		   -0.0000001910		    0.0000000739		

Stresses:
Gauss Point\sxx - syy - sxy 	 
Gauss Point 1 :   -2.1998901414		  -38.4933784243		    0.0000000500		
Gauss Point 2 :   -2.7946728175		  -39.8812046685		    0.0000000500		
Gauss Point 3 :    6.3786487438		  -34.3772117318		    0.0000000739		
Gauss Point 4 :    6.9734314198		  -32.9893854876		    0.0000000739		
Gauss Point 5 :   -2.7946728175		  -39.8812046685		    0.0000000500		
Gauss Point 6 :   -5.0144319841		  -45.0606427239		    0.0000000500		
Gauss Point 7 :    4.1588895772		  -39.5566497871		    0.0000000739		
Gauss Point 8 :    6.3786487438		  -34.3772117318		    0.0000000739		


**********Properties of Finite Element 8 in Coarse Element 1**********

Nodal Displacement:
Node\Direction 	 x		 y		
27    0.0000000000		    0.0000000000		
18    0.0000000000		    0.0000000000		
17    0.0000000000		    0.0000000000		
26   -0.0000000000		   -0.0000000920		
24   -0.0000000207		   -0.0000000207		
15   -0.0000000920		   -0.0000000207		
14    0.0000000000		    0.0000000000		
23    0.0000000000		    0.0000000000		

Strains:
Gauss Point\exx - eyy - exy 	 
Gauss Point 1 :    0.0000000087		   -0.0000001821		    0.0000000087		
Gauss Point 2 :    0.0000000087		   -0.0000001769		    0.0000000087		
Gauss Point 3 :    0.0000000326		   -0.0000001769		    0.0000000326		
Gauss Point 4 :    0.0000000326		   -0.0000001821		    0.0000000326		
Gauss Point 5 :    0.0000000087		   -0.0000001769		    0.0000000087		
Gauss Point 6 :    0.0000000087		   -0.0000001577		    0.0000000087		
Gauss Point 7 :    0.0000000326		   -0.0000001577		    0.0000000326		
Gauss Point 8 :    0.0000000326		   -0.0000001769		    0.0000000326		

Stresses:
Gauss Point\sxx - syy - sxy 	 
Gauss Point 1 :  -17.6531380213		  -47.0106145125		    0.0000000087		
Gauss Point 2 :  -17.0583553452		  -45.6227882683		    0.0000000087		
Gauss Point 3 :   -7.8850337840		  -40.1187953315		    0.0000000326		
Gauss Point 4 :   -8.4798164601		  -41.5066215757		    0.0000000326		
Gauss Point 5 :  -17.0583553452		  -45.6227882683		    0.0000000087		
Gauss Point 6 :  -14.8385961787		  -40.4433502129		    0.0000000087		
Gauss Point 7 :   -5.6652746174		  -34.9393572762		    0.0000000326		
Gauss Point 8 :   -7.8850337840		  -40.1187953315		    0.0000000326		
