Coarse Elements Properties:

Number of Nodes (Macro): 217
Degree of Freedom (Macro): 434
Number of Coarse Elements: 180

$ELEMENT_CONNECTIVITY
1	 1	 2	 33	 32
2	 2	 3	 34	 33
3	 3	 4	 35	 34
4	 4	 5	 36	 35
5	 5	 6	 37	 36
6	 6	 7	 38	 37
7	 7	 8	 39	 38
8	 8	 9	 40	 39
9	 9	 10	 41	 40
10	 10	 11	 42	 41
11	 11	 12	 43	 42
12	 12	 13	 44	 43
13	 13	 14	 45	 44
14	 14	 15	 46	 45
15	 15	 16	 47	 46
16	 16	 17	 48	 47
17	 17	 18	 49	 48
18	 18	 19	 50	 49
19	 19	 20	 51	 50
20	 20	 21	 52	 51
21	 21	 22	 53	 52
22	 22	 23	 54	 53
23	 23	 24	 55	 54
24	 24	 25	 56	 55
25	 25	 26	 57	 56
26	 26	 27	 58	 57
27	 27	 28	 59	 58
28	 28	 29	 60	 59
29	 29	 30	 61	 60
30	 30	 31	 62	 61
31	 32	 33	 64	 63
32	 33	 34	 65	 64
33	 34	 35	 66	 65
34	 35	 36	 67	 66
35	 36	 37	 68	 67
36	 37	 38	 69	 68
37	 38	 39	 70	 69
38	 39	 40	 71	 70
39	 40	 41	 72	 71
40	 41	 42	 73	 72
41	 42	 43	 74	 73
42	 43	 44	 75	 74
43	 44	 45	 76	 75
44	 45	 46	 77	 76
45	 46	 47	 78	 77
46	 47	 48	 79	 78
47	 48	 49	 80	 79
48	 49	 50	 81	 80
49	 50	 51	 82	 81
50	 51	 52	 83	 82
51	 52	 53	 84	 83
52	 53	 54	 85	 84
53	 54	 55	 86	 85
54	 55	 56	 87	 86
55	 56	 57	 88	 87
56	 57	 58	 89	 88
57	 58	 59	 90	 89
58	 59	 60	 91	 90
59	 60	 61	 92	 91
60	 61	 62	 93	 92
61	 63	 64	 95	 94
62	 64	 65	 96	 95
63	 65	 66	 97	 96
64	 66	 67	 98	 97
65	 67	 68	 99	 98
66	 68	 69	 100	 99
67	 69	 70	 101	 100
68	 70	 71	 102	 101
69	 71	 72	 103	 102
70	 72	 73	 104	 103
71	 73	 74	 105	 104
72	 74	 75	 106	 105
73	 75	 76	 107	 106
74	 76	 77	 108	 107
75	 77	 78	 109	 108
76	 78	 79	 110	 109
77	 79	 80	 111	 110
78	 80	 81	 112	 111
79	 81	 82	 113	 112
80	 82	 83	 114	 113
81	 83	 84	 115	 114
82	 84	 85	 116	 115
83	 85	 86	 117	 116
84	 86	 87	 118	 117
85	 87	 88	 119	 118
86	 88	 89	 120	 119
87	 89	 90	 121	 120
88	 90	 91	 122	 121
89	 91	 92	 123	 122
90	 92	 93	 124	 123
91	 94	 95	 126	 125
92	 95	 96	 127	 126
93	 96	 97	 128	 127
94	 97	 98	 129	 128
95	 98	 99	 130	 129
96	 99	 100	 131	 130
97	 100	 101	 132	 131
98	 101	 102	 133	 132
99	 102	 103	 134	 133
100	 103	 104	 135	 134
101	 104	 105	 136	 135
102	 105	 106	 137	 136
103	 106	 107	 138	 137
104	 107	 108	 139	 138
105	 108	 109	 140	 139
106	 109	 110	 141	 140
107	 110	 111	 142	 141
108	 111	 112	 143	 142
109	 112	 113	 144	 143
110	 113	 114	 145	 144
111	 114	 115	 146	 145
112	 115	 116	 147	 146
113	 116	 117	 148	 147
114	 117	 118	 149	 148
115	 118	 119	 150	 149
116	 119	 120	 151	 150
117	 120	 121	 152	 151
118	 121	 122	 153	 152
119	 122	 123	 154	 153
120	 123	 124	 155	 154
121	 125	 126	 157	 156
122	 126	 127	 158	 157
123	 127	 128	 159	 158
124	 128	 129	 160	 159
125	 129	 130	 161	 160
126	 130	 131	 162	 161
127	 131	 132	 163	 162
128	 132	 133	 164	 163
129	 133	 134	 165	 164
130	 134	 135	 166	 165
131	 135	 136	 167	 166
132	 136	 137	 168	 167
133	 137	 138	 169	 168
134	 138	 139	 170	 169
135	 139	 140	 171	 170
136	 140	 141	 172	 171
137	 141	 142	 173	 172
138	 142	 143	 174	 173
139	 143	 144	 175	 174
140	 144	 145	 176	 175
141	 145	 146	 177	 176
142	 146	 147	 178	 177
143	 147	 148	 179	 178
144	 148	 149	 180	 179
145	 149	 150	 181	 180
146	 150	 151	 182	 181
147	 151	 152	 183	 182
148	 152	 153	 184	 183
149	 153	 154	 185	 184
150	 154	 155	 186	 185
151	 156	 157	 188	 187
152	 157	 158	 189	 188
153	 158	 159	 190	 189
154	 159	 160	 191	 190
155	 160	 161	 192	 191
156	 161	 162	 193	 192
157	 162	 163	 194	 193
158	 163	 164	 195	 194
159	 164	 165	 196	 195
160	 165	 166	 197	 196
161	 166	 167	 198	 197
162	 167	 168	 199	 198
163	 168	 169	 200	 199
164	 169	 170	 201	 200
165	 170	 171	 202	 201
166	 171	 172	 203	 202
167	 172	 173	 204	 203
168	 173	 174	 205	 204
169	 174	 175	 206	 205
170	 175	 176	 207	 206
171	 176	 177	 208	 207
172	 177	 178	 209	 208
173	 178	 179	 210	 209
174	 179	 180	 211	 210
175	 180	 181	 212	 211
176	 181	 182	 213	 212
177	 182	 183	 214	 213
178	 183	 184	 215	 214
179	 184	 185	 216	 215
180	 185	 186	 217	 216

Macro Nodes (Undeformed):
Node\Direction 	 x		 y		
1    0.0000000000		    0.0000000000		0 
2    0.0200000000		    0.0000000000		0 
3    0.0399999990		    0.0000000000		0 
4    0.0599999990		    0.0000000000		0 
5    0.0799999980		    0.0000000000		0 
6    0.1000000010		    0.0000000000		0 
7    0.1199999970		    0.0000000000		0 
8    0.1400000010		    0.0000000000		0 
9    0.1599999960		    0.0000000000		0 
10    0.1800000070		    0.0000000000		0 
11    0.2000000030		    0.0000000000		0 
12    0.2199999990		    0.0000000000		0 
13    0.2399999950		    0.0000000000		0 
14    0.2599999900		    0.0000000000		0 
15    0.2800000010		    0.0000000000		0 
16    0.3000000120		    0.0000000000		0 
17    0.3199999930		    0.0000000000		0 
18    0.3400000040		    0.0000000000		0 
19    0.3600000140		    0.0000000000		0 
20    0.3799999950		    0.0000000000		0 
21    0.4000000060		    0.0000000000		0 
22    0.4199999870		    0.0000000000		0 
23    0.4399999980		    0.0000000000		0 
24    0.4600000080		    0.0000000000		0 
25    0.4799999890		    0.0000000000		0 
26    0.5000000000		    0.0000000000		0 
27    0.5199999810		    0.0000000000		0 
28    0.5400000210		    0.0000000000		0 
29    0.5600000020		    0.0000000000		0 
30    0.5799999830		    0.0000000000		0 
31    0.6000000240		    0.0000000000		0 
32    0.0000000000		    0.0200000000		0 
33    0.0200000000		    0.0200000000		0 
34    0.0399999990		    0.0200000000		0 
35    0.0599999990		    0.0200000000		0 
36    0.0799999980		    0.0200000000		0 
37    0.1000000010		    0.0200000000		0 
38    0.1199999970		    0.0200000000		0 
39    0.1400000010		    0.0200000000		0 
40    0.1599999960		    0.0200000000		0 
41    0.1800000070		    0.0200000000		0 
42    0.2000000030		    0.0200000000		0 
43    0.2199999990		    0.0200000000		0 
44    0.2399999950		    0.0200000000		0 
45    0.2599999900		    0.0200000000		0 
46    0.2800000010		    0.0200000000		0 
47    0.3000000120		    0.0200000000		0 
48    0.3199999930		    0.0200000000		0 
49    0.3400000040		    0.0200000000		0 
50    0.3600000140		    0.0200000000		0 
51    0.3799999950		    0.0200000000		0 
52    0.4000000060		    0.0200000000		0 
53    0.4199999870		    0.0200000000		0 
54    0.4399999980		    0.0200000000		0 
55    0.4600000080		    0.0200000000		0 
56    0.4799999890		    0.0200000000		0 
57    0.5000000000		    0.0200000000		0 
58    0.5199999810		    0.0200000000		0 
59    0.5400000210		    0.0200000000		0 
60    0.5600000020		    0.0200000000		0 
61    0.5799999830		    0.0200000000		0 
62    0.6000000240		    0.0200000000		0 
63    0.0000000000		    0.0399999990		0 
64    0.0200000000		    0.0399999990		0 
65    0.0399999990		    0.0399999990		0 
66    0.0599999990		    0.0399999990		0 
67    0.0799999980		    0.0399999990		0 
68    0.1000000010		    0.0399999990		0 
69    0.1199999970		    0.0399999990		0 
70    0.1400000010		    0.0399999990		0 
71    0.1599999960		    0.0399999990		0 
72    0.1800000070		    0.0399999990		0 
73    0.2000000030		    0.0399999990		0 
74    0.2199999990		    0.0399999990		0 
75    0.2399999950		    0.0399999990		0 
76    0.2599999900		    0.0399999990		0 
77    0.2800000010		    0.0399999990		0 
78    0.3000000120		    0.0399999990		0 
79    0.3199999930		    0.0399999990		0 
80    0.3400000040		    0.0399999990		0 
81    0.3600000140		    0.0399999990		0 
82    0.3799999950		    0.0399999990		0 
83    0.4000000060		    0.0399999990		0 
84    0.4199999870		    0.0399999990		0 
85    0.4399999980		    0.0399999990		0 
86    0.4600000080		    0.0399999990		0 
87    0.4799999890		    0.0399999990		0 
88    0.5000000000		    0.0399999990		0 
89    0.5199999810		    0.0399999990		0 
90    0.5400000210		    0.0399999990		0 
91    0.5600000020		    0.0399999990		0 
92    0.5799999830		    0.0399999990		0 
93    0.6000000240		    0.0399999990		0 
94    0.0000000000		    0.0599999990		0 
95    0.0200000000		    0.0599999990		0 
96    0.0399999990		    0.0599999990		0 
97    0.0599999990		    0.0599999990		0 
98    0.0799999980		    0.0599999990		0 
99    0.1000000010		    0.0599999990		0 
100    0.1199999970		    0.0599999990		0 
101    0.1400000010		    0.0599999990		0 
102    0.1599999960		    0.0599999990		0 
103    0.1800000070		    0.0599999990		0 
104    0.2000000030		    0.0599999990		0 
105    0.2199999990		    0.0599999990		0 
106    0.2399999950		    0.0599999990		0 
107    0.2599999900		    0.0599999990		0 
108    0.2800000010		    0.0599999990		0 
109    0.3000000120		    0.0599999990		0 
110    0.3199999930		    0.0599999990		0 
111    0.3400000040		    0.0599999990		0 
112    0.3600000140		    0.0599999990		0 
113    0.3799999950		    0.0599999990		0 
114    0.4000000060		    0.0599999990		0 
115    0.4199999870		    0.0599999990		0 
116    0.4399999980		    0.0599999990		0 
117    0.4600000080		    0.0599999990		0 
118    0.4799999890		    0.0599999990		0 
119    0.5000000000		    0.0599999990		0 
120    0.5199999810		    0.0599999990		0 
121    0.5400000210		    0.0599999990		0 
122    0.5600000020		    0.0599999990		0 
123    0.5799999830		    0.0599999990		0 
124    0.6000000240		    0.0599999990		0 
125    0.0000000000		    0.0799999980		0 
126    0.0200000000		    0.0799999980		0 
127    0.0399999990		    0.0799999980		0 
128    0.0599999990		    0.0799999980		0 
129    0.0799999980		    0.0799999980		0 
130    0.1000000010		    0.0799999980		0 
131    0.1199999970		    0.0799999980		0 
132    0.1400000010		    0.0799999980		0 
133    0.1599999960		    0.0799999980		0 
134    0.1800000070		    0.0799999980		0 
135    0.2000000030		    0.0799999980		0 
136    0.2199999990		    0.0799999980		0 
137    0.2399999950		    0.0799999980		0 
138    0.2599999900		    0.0799999980		0 
139    0.2800000010		    0.0799999980		0 
140    0.3000000120		    0.0799999980		0 
141    0.3199999930		    0.0799999980		0 
142    0.3400000040		    0.0799999980		0 
143    0.3600000140		    0.0799999980		0 
144    0.3799999950		    0.0799999980		0 
145    0.4000000060		    0.0799999980		0 
146    0.4199999870		    0.0799999980		0 
147    0.4399999980		    0.0799999980		0 
148    0.4600000080		    0.0799999980		0 
149    0.4799999890		    0.0799999980		0 
150    0.5000000000		    0.0799999980		0 
151    0.5199999810		    0.0799999980		0 
152    0.5400000210		    0.0799999980		0 
153    0.5600000020		    0.0799999980		0 
154    0.5799999830		    0.0799999980		0 
155    0.6000000240		    0.0799999980		0 
156    0.0000000000		    0.1000000010		0 
157    0.0200000000		    0.1000000010		0 
158    0.0399999990		    0.1000000010		0 
159    0.0599999990		    0.1000000010		0 
160    0.0799999980		    0.1000000010		0 
161    0.1000000010		    0.1000000010		0 
162    0.1199999970		    0.1000000010		0 
163    0.1400000010		    0.1000000010		0 
164    0.1599999960		    0.1000000010		0 
165    0.1800000070		    0.1000000010		0 
166    0.2000000030		    0.1000000010		0 
167    0.2199999990		    0.1000000010		0 
168    0.2399999950		    0.1000000010		0 
169    0.2599999900		    0.1000000010		0 
170    0.2800000010		    0.1000000010		0 
171    0.3000000120		    0.1000000010		0 
172    0.3199999930		    0.1000000010		0 
173    0.3400000040		    0.1000000010		0 
174    0.3600000140		    0.1000000010		0 
175    0.3799999950		    0.1000000010		0 
176    0.4000000060		    0.1000000010		0 
177    0.4199999870		    0.1000000010		0 
178    0.4399999980		    0.1000000010		0 
179    0.4600000080		    0.1000000010		0 
180    0.4799999890		    0.1000000010		0 
181    0.5000000000		    0.1000000010		0 
182    0.5199999810		    0.1000000010		0 
183    0.5400000210		    0.1000000010		0 
184    0.5600000020		    0.1000000010		0 
185    0.5799999830		    0.1000000010		0 
186    0.6000000240		    0.1000000010		0 
187    0.0000000000		    0.1199999970		0 
188    0.0200000000		    0.1199999970		0 
189    0.0399999990		    0.1199999970		0 
190    0.0599999990		    0.1199999970		0 
191    0.0799999980		    0.1199999970		0 
192    0.1000000010		    0.1199999970		0 
193    0.1199999970		    0.1199999970		0 
194    0.1400000010		    0.1199999970		0 
195    0.1599999960		    0.1199999970		0 
196    0.1800000070		    0.1199999970		0 
197    0.2000000030		    0.1199999970		0 
198    0.2199999990		    0.1199999970		0 
199    0.2399999950		    0.1199999970		0 
200    0.2599999900		    0.1199999970		0 
201    0.2800000010		    0.1199999970		0 
202    0.3000000120		    0.1199999970		0 
203    0.3199999930		    0.1199999970		0 
204    0.3400000040		    0.1199999970		0 
205    0.3600000140		    0.1199999970		0 
206    0.3799999950		    0.1199999970		0 
207    0.4000000060		    0.1199999970		0 
208    0.4199999870		    0.1199999970		0 
209    0.4399999980		    0.1199999970		0 
210    0.4600000080		    0.1199999970		0 
211    0.4799999890		    0.1199999970		0 
212    0.5000000000		    0.1199999970		0 
213    0.5199999810		    0.1199999970		0 
214    0.5400000210		    0.1199999970		0 
215    0.5600000020		    0.1199999970		0 
216    0.5799999830		    0.1199999970		0 
217    0.6000000240		    0.1199999970		0 

Prescribed Nodes:
1	 x-Direction	 y-Direction	
32	 x-Direction	 y-Direction	
63	 x-Direction	 y-Direction	
94	 x-Direction	 y-Direction	
125	 x-Direction	 y-Direction	
156	 x-Direction	 y-Direction	
187	 x-Direction	 y-Direction	

Nodal Loads:
31	 	 y-Direction	
62	 	 y-Direction	
93	 	 y-Direction	
124	 	 y-Direction	
155	 	 y-Direction	
186	 	 y-Direction	
217	 	 y-Direction	

Nodal Displacement:
Node\Direction 	 x		 y		
1    0.0000000000		    0.0000000000		
2    0.0000010103		    0.0000004794		
3    0.0000019505		    0.0000010124		
4    0.0000028939		    0.0000018614		
5    0.0000038303		    0.0000030171		
6    0.0000047527		    0.0000044854		
7    0.0000056597		    0.0000062593		
8    0.0000065506		    0.0000083337		
9    0.0000074252		    0.0000107033		
10    0.0000082832		    0.0000133630		
11    0.0000091241		    0.0000163074		
12    0.0000099472		    0.0000195310		
13    0.0000107516		    0.0000230283		
14    0.0000115365		    0.0000267932		
15    0.0000123005		    0.0000308195		
16    0.0000130423		    0.0000351005		
17    0.0000137603		    0.0000396292		
18    0.0000144526		    0.0000443977		
19    0.0000151171		    0.0000493978		
20    0.0000157513		    0.0000546204		
21    0.0000163527		    0.0000600556		
22    0.0000169184		    0.0000656928		
23    0.0000174450		    0.0000715200		
24    0.0000179290		    0.0000775246		
25    0.0000183666		    0.0000836923		
26    0.0000187534		    0.0000900076		
27    0.0000190852		    0.0000964533		
28    0.0000193588		    0.0001030090		
29    0.0000195769		    0.0001096600		
30    0.0000197584		    0.0001163885		
31    0.0000198892		    0.0001234142		
32    0.0000000000		    0.0000000000		
33    0.0000005984		    0.0000002237		
34    0.0000012667		    0.0000007907		
35    0.0000019061		    0.0000016345		
36    0.0000025325		    0.0000027965		
37    0.0000031475		    0.0000042682		
38    0.0000037518		    0.0000060461		
39    0.0000043453		    0.0000081243		
40    0.0000049278		    0.0000104979		
41    0.0000054990		    0.0000131616		
42    0.0000060586		    0.0000161102		
43    0.0000066062		    0.0000193383		
44    0.0000071411		    0.0000228401		
45    0.0000076627		    0.0000266099		
46    0.0000081701		    0.0000306414		
47    0.0000086625		    0.0000349280		
48    0.0000091387		    0.0000394626		
49    0.0000095974		    0.0000442376		
50    0.0000100372		    0.0000492447		
51    0.0000104565		    0.0000544748		
52    0.0000108536		    0.0000599184		
53    0.0000112264		    0.0000655645		
54    0.0000115728		    0.0000714016		
55    0.0000118904		    0.0000774168		
56    0.0000121767		    0.0000835962		
57    0.0000124288		    0.0000899242		
58    0.0000126438		    0.0000963837		
59    0.0000128176		    0.0001029562		
60    0.0000129449		    0.0001096194		
61    0.0000130027		    0.0001163856		
62    0.0000130255		    0.0001232459		
63    0.0000000000		    0.0000000000		
64    0.0000002968		    0.0000001219		
65    0.0000006158		    0.0000006429		
66    0.0000009435		    0.0000014976		
67    0.0000012593		    0.0000026625		
68    0.0000015674		    0.0000041380		
69    0.0000018695		    0.0000059182		
70    0.0000021660		    0.0000079989		
71    0.0000024571		    0.0000103750		
72    0.0000027425		    0.0000130412		
73    0.0000030220		    0.0000159924		
74    0.0000032954		    0.0000192231		
75    0.0000035624		    0.0000227278		
76    0.0000038227		    0.0000265007		
77    0.0000040759		    0.0000305354		
78    0.0000043214		    0.0000348254		
79    0.0000045587		    0.0000393638		
80    0.0000047872		    0.0000441427		
81    0.0000050062		    0.0000491541		
82    0.0000052147		    0.0000543890		
83    0.0000054121		    0.0000598377		
84    0.0000055972		    0.0000654894		
85    0.0000057690		    0.0000713325		
86    0.0000059263		    0.0000773543		
87    0.0000060678		    0.0000835408		
88    0.0000061921		    0.0000898767		
89    0.0000062972		    0.0000963458		
90    0.0000063791		    0.0001029303		
91    0.0000064284		    0.0001096146		
92    0.0000064487		    0.0001163743		
93    0.0000064691		    0.0001231159		
94    0.0000000000		    0.0000000000		
95   -0.0000000000		    0.0000000929		
96   -0.0000000000		    0.0000005975		
97   -0.0000000000		    0.0000014491		
98   -0.0000000000		    0.0000026181		
99   -0.0000000001		    0.0000040944		
100   -0.0000000001		    0.0000058757		
101   -0.0000000001		    0.0000079572		
102   -0.0000000001		    0.0000103340		
103   -0.0000000001		    0.0000130011		
104   -0.0000000001		    0.0000159532		
105   -0.0000000001		    0.0000191848		
106   -0.0000000002		    0.0000226905		
107   -0.0000000002		    0.0000264644		
108   -0.0000000002		    0.0000305002		
109   -0.0000000002		    0.0000347914		
110   -0.0000000002		    0.0000393310		
111   -0.0000000002		    0.0000441113		
112   -0.0000000003		    0.0000491242		
113   -0.0000000003		    0.0000543607		
114   -0.0000000003		    0.0000598110		
115   -0.0000000003		    0.0000654646		
116   -0.0000000003		    0.0000713098		
117   -0.0000000003		    0.0000773338		
118   -0.0000000004		    0.0000835227		
119   -0.0000000004		    0.0000898614		
120   -0.0000000004		    0.0000963337		
121   -0.0000000004		    0.0001029243		
122   -0.0000000004		    0.0001096158		
123   -0.0000000004		    0.0001163638		
124   -0.0000000004		    0.0001230714		
125    0.0000000000		    0.0000000000		
126   -0.0000002968		    0.0000001219		
127   -0.0000006158		    0.0000006429		
128   -0.0000009435		    0.0000014976		
129   -0.0000012594		    0.0000026625		
130   -0.0000015675		    0.0000041380		
131   -0.0000018696		    0.0000059182		
132   -0.0000021662		    0.0000079989		
133   -0.0000024573		    0.0000103750		
134   -0.0000027427		    0.0000130412		
135   -0.0000030223		    0.0000159924		
136   -0.0000032957		    0.0000192231		
137   -0.0000035628		    0.0000227278		
138   -0.0000038231		    0.0000265007		
139   -0.0000040763		    0.0000305354		
140   -0.0000043218		    0.0000348254		
141   -0.0000045592		    0.0000393638		
142   -0.0000047877		    0.0000441427		
143   -0.0000050067		    0.0000491541		
144   -0.0000052153		    0.0000543890		
145   -0.0000054127		    0.0000598376		
146   -0.0000055978		    0.0000654893		
147   -0.0000057697		    0.0000713325		
148   -0.0000059270		    0.0000773543		
149   -0.0000060685		    0.0000835408		
150   -0.0000061929		    0.0000898767		
151   -0.0000062980		    0.0000963458		
152   -0.0000063799		    0.0001029302		
153   -0.0000064292		    0.0001096146		
154   -0.0000064496		    0.0001163742		
155   -0.0000064700		    0.0001231158		
156    0.0000000000		    0.0000000000		
157   -0.0000005984		    0.0000002237		
158   -0.0000012668		    0.0000007907		
159   -0.0000019062		    0.0000016345		
160   -0.0000025326		    0.0000027965		
161   -0.0000031477		    0.0000042682		
162   -0.0000037519		    0.0000060461		
163   -0.0000043454		    0.0000081243		
164   -0.0000049280		    0.0000104979		
165   -0.0000054992		    0.0000131616		
166   -0.0000060589		    0.0000161102		
167   -0.0000066065		    0.0000193383		
168   -0.0000071414		    0.0000228401		
169   -0.0000076631		    0.0000266099		
170   -0.0000081705		    0.0000306414		
171   -0.0000086629		    0.0000349280		
172   -0.0000091391		    0.0000394626		
173   -0.0000095978		    0.0000442376		
174   -0.0000100377		    0.0000492446		
175   -0.0000104570		    0.0000544748		
176   -0.0000108541		    0.0000599183		
177   -0.0000112270		    0.0000655645		
178   -0.0000115734		    0.0000714016		
179   -0.0000118911		    0.0000774168		
180   -0.0000121774		    0.0000835961		
181   -0.0000124295		    0.0000899242		
182   -0.0000126445		    0.0000963837		
183   -0.0000128184		    0.0001029562		
184   -0.0000129457		    0.0001096194		
185   -0.0000130035		    0.0001163854		
186   -0.0000130263		    0.0001232456		
187    0.0000000000		    0.0000000000		
188   -0.0000010103		    0.0000004794		
189   -0.0000019506		    0.0000010124		
190   -0.0000028940		    0.0000018615		
191   -0.0000038304		    0.0000030171		
192   -0.0000047529		    0.0000044854		
193   -0.0000056599		    0.0000062593		
194   -0.0000065508		    0.0000083337		
195   -0.0000074254		    0.0000107033		
196   -0.0000082835		    0.0000133630		
197   -0.0000091243		    0.0000163074		
198   -0.0000099474		    0.0000195310		
199   -0.0000107519		    0.0000230282		
200   -0.0000115368		    0.0000267932		
201   -0.0000123009		    0.0000308195		
202   -0.0000130427		    0.0000351005		
203   -0.0000137608		    0.0000396291		
204   -0.0000144531		    0.0000443976		
205   -0.0000151176		    0.0000493977		
206   -0.0000157519		    0.0000546203		
207   -0.0000163533		    0.0000600556		
208   -0.0000169190		    0.0000656927		
209   -0.0000174456		    0.0000715200		
210   -0.0000179297		    0.0000775245		
211   -0.0000183673		    0.0000836922		
212   -0.0000187541		    0.0000900075		
213   -0.0000190860		    0.0000964532		
214   -0.0000193595		    0.0001030089		
215   -0.0000195776		    0.0001096599		
216   -0.0000197591		    0.0001163883		
217   -0.0000198898		    0.0001234135		
