Coarse Elements Properties:

Number of Nodes (Macro): 8
Degree of Freedom (Macro): 24
Number of Coarse Elements: 1

$ELEMENT_CONNECTIVITY
1	 1	 2	 3	 4

Macro Nodes (Undeformed):
Node\Direction 	 x		 y		
1    0.0000000000		    0.0000000000		0 
2    1.0000000000		    0.0000000000		0 
3    1.0000000000		    1.0000000000		0 
4    0.0000000000		    1.0000000000		0 
5    0.0000000000		    0.0000000000		1 
6    1.0000000000		    0.0000000000		1 
7    1.0000000000		    1.0000000000		1 
8    0.0000000000		    1.0000000000		1 

Prescribed Nodes:
1	 x-Direction	 y-Direction	
2	 x-Direction	 y-Direction	
5	 x-Direction	 y-Direction	
6	 x-Direction	 y-Direction	

Nodal Loads:
3	 	 y-Direction	
4	 	 y-Direction	
7	 	 y-Direction	
8	 	 y-Direction	

Nodal Displacement:
Node\Direction 	 x		 y		
1    0.0000000000		    0.0000000000		
2    0.0000000000		    0.0000000000		
3    0.0000000000		    0.0000000000		
4    0.0000000433		   -0.0000001857		
5   -0.0000000433		   -0.0000000433		
6   -0.0000001857		   -0.0000000433		
7    0.0000000000		    0.0000000000		
8    0.0000000000		    0.0000000000		


**********Properties of Finite Element 1 in Coarse Element 1**********

Nodal Displacement:
Node\Direction 	 x		 y		
14    0.0000000000		   -0.0000000617		
5    0.0000000000		    0.0000000217		
4   -0.0000000726		   -0.0000000000		
13    0.0000000433		   -0.0000001746		
11    0.0000000000		   -0.0000000000		
2   -0.0000001639		   -0.0000000000		
1   -0.0000000000		   -0.0000000726		
10    0.0000000217		    0.0000000217		

Strains:
Gauss Point\exx - eyy - exy 	 
Gauss Point 1 :    0.0000000525		   -0.0000002043		    0.0000000525		
Gauss Point 2 :    0.0000000525		   -0.0000002042		    0.0000000525		
Gauss Point 3 :    0.0000000775		   -0.0000002042		    0.0000000775		
Gauss Point 4 :    0.0000000775		   -0.0000002043		    0.0000000775		
Gauss Point 5 :    0.0000000525		   -0.0000002042		    0.0000000525		
Gauss Point 6 :    0.0000000525		   -0.0000002044		    0.0000000525		
Gauss Point 7 :    0.0000000775		   -0.0000002044		    0.0000000775		
Gauss Point 8 :    0.0000000775		   -0.0000002042		    0.0000000775		

Stresses:
Gauss Point\sxx - syy - sxy 	 
Gauss Point 1 :   -3.3858050198		  -42.8933293560		    0.0000000525		
Gauss Point 2 :   -3.3728130308		  -42.8620249541		    0.0000000525		
Gauss Point 3 :    6.2512825105		  -37.0880538564		    0.0000000775		
Gauss Point 4 :    6.2395003848		  -37.1181483950		    0.0000000775		
Gauss Point 5 :   -3.3714766205		  -42.8638484109		    0.0000000525		
Gauss Point 6 :   -3.3995294240		  -42.9283151915		    0.0000000525		
Gauss Point 7 :    6.2133547432		  -37.1591489684		    0.0000000775		
Gauss Point 8 :    6.2426174100		  -37.0934723246		    0.0000000775		


**********Properties of Finite Element 2 in Coarse Element 1**********

Nodal Displacement:
Node\Direction 	 x		 y		
15   -0.0000000000		    0.0000000218		
6   -0.0000000000		    0.0000000000		
5    0.0000000111		    0.0000000000		
14    0.0000000217		   -0.0000000726		
12   -0.0000000000		    0.0000000000		
3   -0.0000000617		    0.0000000000		
2    0.0000000000		    0.0000000111		
11    0.0000000000		    0.0000000000		

Strains:
Gauss Point\exx - eyy - exy 	 
Gauss Point 1 :    0.0000000092		   -0.0000001671		    0.0000000092		
Gauss Point 2 :    0.0000000092		   -0.0000001672		    0.0000000091		
Gauss Point 3 :    0.0000000342		   -0.0000001672		    0.0000000342		
Gauss Point 4 :    0.0000000342		   -0.0000001671		    0.0000000342		
Gauss Point 5 :    0.0000000091		   -0.0000001672		    0.0000000092		
Gauss Point 6 :    0.0000000091		   -0.0000001670		    0.0000000091		
Gauss Point 7 :    0.0000000342		   -0.0000001670		    0.0000000342		
Gauss Point 8 :    0.0000000342		   -0.0000001672		    0.0000000342		

Stresses:
Gauss Point\sxx - syy - sxy 	 
Gauss Point 1 :  -15.7583743644		  -42.8786480597		    0.0000000092		
Gauss Point 2 :  -15.7741200233		  -42.9127747472		    0.0000000091		
Gauss Point 3 :   -6.1532097888		  -37.1397393972		    0.0000000342		
Gauss Point 4 :   -6.1386796326		  -37.1068282124		    0.0000000342		
Gauss Point 5 :  -15.7798004375		  -42.9112237810		    0.0000000092		
Gauss Point 6 :  -15.7545259411		  -42.8496367726		    0.0000000091		
Gauss Point 7 :   -6.1223983994		  -37.0717940053		    0.0000000342		
Gauss Point 8 :   -6.1488883984		  -37.1345965163		    0.0000000342		


**********Properties of Finite Element 3 in Coarse Element 1**********

Nodal Displacement:
Node\Direction 	 x		 y		
17   -0.0000000000		   -0.0000000726		
8   -0.0000000217		    0.0000000217		
7   -0.0000000834		   -0.0000000217		
16    0.0000000433		   -0.0000001857		
14   -0.0000000433		    0.0000000000		
5   -0.0000001746		   -0.0000000433		
4    0.0000000000		   -0.0000000617		
13    0.0000000000		    0.0000000217		

Strains:
Gauss Point\exx - eyy - exy 	 
Gauss Point 1 :    0.0000000525		   -0.0000002042		    0.0000000525		
Gauss Point 2 :    0.0000000525		   -0.0000002044		    0.0000000525		
Gauss Point 3 :    0.0000000775		   -0.0000002044		    0.0000000775		
Gauss Point 4 :    0.0000000775		   -0.0000002042		    0.0000000775		
Gauss Point 5 :    0.0000000525		   -0.0000002043		    0.0000000525		
Gauss Point 6 :    0.0000000525		   -0.0000002042		    0.0000000525		
Gauss Point 7 :    0.0000000775		   -0.0000002042		    0.0000000775		
Gauss Point 8 :    0.0000000775		   -0.0000002043		    0.0000000775		

Stresses:
Gauss Point\sxx - syy - sxy 	 
Gauss Point 1 :   -3.3716634572		  -42.8639752323		    0.0000000525		
Gauss Point 2 :   -3.3981863568		  -42.9268673994		    0.0000000525		
Gauss Point 3 :    6.2154413567		  -37.1569531135		    0.0000000775		
Gauss Point 4 :    6.2407487326		  -37.0952764701		    0.0000000775		
Gauss Point 5 :   -3.3860074647		  -42.8935157198		    0.0000000525		
Gauss Point 6 :   -3.3715101189		  -42.8606939813		    0.0000000525		
Gauss Point 7 :    6.2533347548		  -37.0859723409		    0.0000000775		
Gauss Point 8 :    6.2376218854		  -37.1200096032		    0.0000000775		


**********Properties of Finite Element 4 in Coarse Element 1**********

Nodal Displacement:
Node\Direction 	 x		 y		
18    0.0000000000		    0.0000000111		
9    0.0000000000		    0.0000000000		
8   -0.0000000000		   -0.0000000000		
17    0.0000000217		   -0.0000000834		
15   -0.0000000217		   -0.0000000000		
6   -0.0000000726		   -0.0000000217		
5   -0.0000000000		    0.0000000218		
14   -0.0000000000		    0.0000000000		

Strains:
Gauss Point\exx - eyy - exy 	 
Gauss Point 1 :    0.0000000091		   -0.0000001672		    0.0000000091		
Gauss Point 2 :    0.0000000091		   -0.0000001670		    0.0000000092		
Gauss Point 3 :    0.0000000342		   -0.0000001670		    0.0000000342		
Gauss Point 4 :    0.0000000342		   -0.0000001672		    0.0000000342		
Gauss Point 5 :    0.0000000092		   -0.0000001671		    0.0000000091		
Gauss Point 6 :    0.0000000092		   -0.0000001672		    0.0000000092		
Gauss Point 7 :    0.0000000342		   -0.0000001672		    0.0000000342		
Gauss Point 8 :    0.0000000342		   -0.0000001671		    0.0000000342		

Stresses:
Gauss Point\sxx - syy - sxy 	 
Gauss Point 1 :  -15.7816474997		  -42.9130186508		    0.0000000091		
Gauss Point 2 :  -15.7524176550		  -42.8474315847		    0.0000000092		
Gauss Point 3 :   -6.1210495250		  -37.0703437125		    0.0000000342		
Gauss Point 4 :   -6.1490694434		  -37.1347208523		    0.0000000342		
Gauss Point 5 :  -15.7602470566		  -42.8805067671		    0.0000000091		
Gauss Point 6 :  -15.7720619145		  -42.9106906736		    0.0000000092		
Gauss Point 7 :   -6.1519053056		  -37.1384077389		    0.0000000342		
Gauss Point 8 :   -6.1388805215		  -37.1070139062		    0.0000000342		


**********Properties of Finite Element 5 in Coarse Element 1**********

Nodal Displacement:
Node\Direction 	 x		 y		
23   -0.0000000217		   -0.0000000726		
14   -0.0000000000		    0.0000000000		
13   -0.0000000617		    0.0000000000		
22   -0.0000000000		   -0.0000001639		
20   -0.0000000000		   -0.0000000433		
11   -0.0000001746		    0.0000000000		
10   -0.0000000217		   -0.0000000834		
19    0.0000000217		   -0.0000000000		

Strains:
Gauss Point\exx - eyy - exy 	 
Gauss Point 1 :    0.0000000525		   -0.0000002042		    0.0000000525		
Gauss Point 2 :    0.0000000525		   -0.0000002043		    0.0000000525		
Gauss Point 3 :    0.0000000775		   -0.0000002043		    0.0000000775		
Gauss Point 4 :    0.0000000775		   -0.0000002042		    0.0000000775		
Gauss Point 5 :    0.0000000525		   -0.0000002044		    0.0000000525		
Gauss Point 6 :    0.0000000525		   -0.0000002042		    0.0000000525		
Gauss Point 7 :    0.0000000775		   -0.0000002042		    0.0000000775		
Gauss Point 8 :    0.0000000775		   -0.0000002044		    0.0000000775		

Stresses:
Gauss Point\sxx - syy - sxy 	 
Gauss Point 1 :   -3.3718834415		  -42.8615018761		    0.0000000525		
Gauss Point 2 :   -3.3849151595		  -42.8929145787		    0.0000000525		
Gauss Point 3 :    6.2364514934		  -37.1194228205		    0.0000000775		
Gauss Point 4 :    6.2482677717		  -37.0892255576		    0.0000000775		
Gauss Point 5 :   -3.4027036771		  -42.9294870325		    0.0000000525		
Gauss Point 6 :   -3.3747151498		  -42.8651858294		    0.0000000525		
Gauss Point 7 :    6.2578688593		  -37.0868866328		    0.0000000775		
Gauss Point 8 :    6.2286648924		  -37.1524032756		    0.0000000775		


**********Properties of Finite Element 6 in Coarse Element 1**********

Nodal Displacement:
Node\Direction 	 x		 y		
24    0.0000000000		    0.0000000111		
15    0.0000000000		   -0.0000000000		
14    0.0000000218		   -0.0000000000		
23    0.0000000000		   -0.0000000617		
21    0.0000000000		   -0.0000000217		
12   -0.0000000726		   -0.0000000000		
11   -0.0000000000		   -0.0000000000		
20    0.0000000000		    0.0000000000		

Strains:
Gauss Point\exx - eyy - exy 	 
Gauss Point 1 :    0.0000000092		   -0.0000001672		    0.0000000091		
Gauss Point 2 :    0.0000000092		   -0.0000001671		    0.0000000092		
Gauss Point 3 :    0.0000000342		   -0.0000001671		    0.0000000342		
Gauss Point 4 :    0.0000000342		   -0.0000001672		    0.0000000342		
Gauss Point 5 :    0.0000000092		   -0.0000001670		    0.0000000091		
Gauss Point 6 :    0.0000000092		   -0.0000001672		    0.0000000092		
Gauss Point 7 :    0.0000000342		   -0.0000001672		    0.0000000342		
Gauss Point 8 :    0.0000000342		   -0.0000001670		    0.0000000342		

Stresses:
Gauss Point\sxx - syy - sxy 	 
Gauss Point 1 :  -15.7771139016		  -42.9139256160		    0.0000000091		
Gauss Point 2 :  -15.7614176303		  -42.8799168878		    0.0000000092		
Gauss Point 3 :   -6.1377882650		  -37.1064119353		    0.0000000342		
Gauss Point 4 :   -6.1522746100		  -37.1392107372		    0.0000000342		
Gauss Point 5 :  -15.7391947977		  -42.8428701900		    0.0000000091		
Gauss Point 6 :  -15.7645432289		  -42.9046324344		    0.0000000092		
Gauss Point 7 :   -6.1521253846		  -37.1359324195		    0.0000000342		
Gauss Point 8 :   -6.1255670271		  -37.0729602489		    0.0000000342		


**********Properties of Finite Element 7 in Coarse Element 1**********

Nodal Displacement:
Node\Direction 	 x		 y		
26   -0.0000000217		   -0.0000000834		
17   -0.0000000217		   -0.0000000000		
16   -0.0000000726		   -0.0000000217		
25    0.0000000000		   -0.0000001746		
23   -0.0000000433		   -0.0000000433		
14   -0.0000001857		   -0.0000000433		
13   -0.0000000217		   -0.0000000726		
22   -0.0000000000		    0.0000000000		

Strains:
Gauss Point\exx - eyy - exy 	 
Gauss Point 1 :    0.0000000525		   -0.0000002044		    0.0000000525		
Gauss Point 2 :    0.0000000525		   -0.0000002042		    0.0000000525		
Gauss Point 3 :    0.0000000775		   -0.0000002042		    0.0000000775		
Gauss Point 4 :    0.0000000775		   -0.0000002044		    0.0000000775		
Gauss Point 5 :    0.0000000525		   -0.0000002042		    0.0000000525		
Gauss Point 6 :    0.0000000525		   -0.0000002043		    0.0000000525		
Gauss Point 7 :    0.0000000775		   -0.0000002043		    0.0000000775		
Gauss Point 8 :    0.0000000775		   -0.0000002042		    0.0000000775		

Stresses:
Gauss Point\sxx - syy - sxy 	 
Gauss Point 1 :   -3.4014522212		  -42.9282530003		    0.0000000525		
Gauss Point 2 :   -3.3749265337		  -42.8653699276		    0.0000000525		
Gauss Point 3 :    6.2559756347		  -37.0887480551		    0.0000000775		
Gauss Point 4 :    6.2306598945		  -37.1504211806		    0.0000000775		
Gauss Point 5 :   -3.3706050768		  -42.8602281801		    0.0000000525		
Gauss Point 6 :   -3.3851241818		  -42.8931162898		    0.0000000525		
Gauss Point 7 :    6.2345664166		  -37.1212993759		    0.0000000775		
Gauss Point 8 :    6.2502954689		  -37.0872013189		    0.0000000775		


**********Properties of Finite Element 8 in Coarse Element 1**********

Nodal Displacement:
Node\Direction 	 x		 y		
27   -0.0000000000		   -0.0000000000		
18   -0.0000000000		    0.0000000000		
17    0.0000000111		    0.0000000000		
26   -0.0000000000		   -0.0000000726		
24   -0.0000000217		   -0.0000000217		
15   -0.0000000834		   -0.0000000217		
14    0.0000000000		    0.0000000111		
23    0.0000000000		   -0.0000000000		

Strains:
Gauss Point\exx - eyy - exy 	 
Gauss Point 1 :    0.0000000092		   -0.0000001670		    0.0000000092		
Gauss Point 2 :    0.0000000092		   -0.0000001672		    0.0000000091		
Gauss Point 3 :    0.0000000342		   -0.0000001672		    0.0000000342		
Gauss Point 4 :    0.0000000342		   -0.0000001670		    0.0000000342		
Gauss Point 5 :    0.0000000092		   -0.0000001672		    0.0000000092		
Gauss Point 6 :    0.0000000092		   -0.0000001671		    0.0000000091		
Gauss Point 7 :    0.0000000342		   -0.0000001671		    0.0000000342		
Gauss Point 8 :    0.0000000342		   -0.0000001672		    0.0000000342		

Stresses:
Gauss Point\sxx - syy - sxy 	 
Gauss Point 1 :  -15.7371781230		  -42.8408787620		    0.0000000092		
Gauss Point 2 :  -15.7664148383		  -42.9064845811		    0.0000000091		
Gauss Point 3 :   -6.1523309767		  -37.1361140323		    0.0000000342		
Gauss Point 4 :   -6.1243097641		  -37.0717237160		    0.0000000342		
Gauss Point 5 :  -15.7750803400		  -42.9118988192		    0.0000000092		
Gauss Point 6 :  -15.7632969000		  -42.8817909425		    0.0000000091		
Gauss Point 7 :   -6.1379957313		  -37.1066129764		    0.0000000342		
Gauss Point 8 :   -6.1509946739		  -37.1379363557		    0.0000000342		
